Worklist: 210 images, parallelism=5, model=default
[ok]   /Users/ember/dev/comp-theo/parsed/pt1/002_5UuSlLf.md
[ok]   /Users/ember/dev/comp-theo/parsed/pt1/005_ReSDWp4.md
[ok]   /Users/ember/dev/comp-theo/parsed/pt1/003_8vGbz6g.md
[ok]   /Users/ember/dev/comp-theo/parsed/pt1/001_0xU25It.md
[ok]   /Users/ember/dev/comp-theo/parsed/pt1/004_xSmFF0w.md
[ok]   /Users/ember/dev/comp-theo/parsed/pt1/006_IbUS1J8.md
[ok]   /Users/ember/dev/comp-theo/parsed/pt1/009_Rm0Tv3v.md
[ok]   /Users/ember/dev/comp-theo/parsed/pt1/007_qSJarHt.md
[ok]   /Users/ember/dev/comp-theo/parsed/pt1/008_3wsOLeQ.md
[ok]   /Users/ember/dev/comp-theo/parsed/pt1/010_W8xnVVd.md
[ok]   /Users/ember/dev/comp-theo/parsed/pt1/011_nXd31Rw.md
[ok]   /Users/ember/dev/comp-theo/parsed/pt1/012_5e3gqKn.md
[ok]   /Users/ember/dev/comp-theo/parsed/pt1/014_RKesVR0.md
[ok]   /Users/ember/dev/comp-theo/parsed/pt1/013_JUJIeOV.md
[ok]   /Users/ember/dev/comp-theo/parsed/pt1/015_e5t0dI1.md
[ok]   /Users/ember/dev/comp-theo/parsed/pt1/016_OEP3HKv.md
[ok]   /Users/ember/dev/comp-theo/parsed/pt1/017_4j1QxlE.md
[ok]   /Users/ember/dev/comp-theo/parsed/pt1/018_DtmnRmG.md
[ok]   /Users/ember/dev/comp-theo/parsed/pt1/020_9VZJtEe.md
[ok]   /Users/ember/dev/comp-theo/parsed/pt1/021_I9blMna.md
[ok]   /Users/ember/dev/comp-theo/parsed/pt1/019_BNwFOCE.md
[ok]   /Users/ember/dev/comp-theo/parsed/pt1/023_Z1hZ8YI.md
[ok]   /Users/ember/dev/comp-theo/parsed/pt1/022_w0yfvkE.md
[ok]   /Users/ember/dev/comp-theo/parsed/pt1/025_cdgabVK.md
[ok]   /Users/ember/dev/comp-theo/parsed/pt1/024_ipq6nwi.md
[ok]   /Users/ember/dev/comp-theo/parsed/pt1/026_EpgMLdx.md
[ok]   /Users/ember/dev/comp-theo/parsed/pt1/029_uwzjY7J.md
[ok]   /Users/ember/dev/comp-theo/parsed/pt1/027_jqNRGOU.md
[ok]   /Users/ember/dev/comp-theo/parsed/pt1/028_CsY2JmZ.md
[ok]   /Users/ember/dev/comp-theo/parsed/pt1/031_zdjyVR2.md
[ok]   /Users/ember/dev/comp-theo/parsed/pt1/030_SVUcXNt.md
[ok]   /Users/ember/dev/comp-theo/parsed/pt1/033_dgrrcI7.md
[ok]   /Users/ember/dev/comp-theo/parsed/pt1/036_SZdlv2a.md
[ok]   /Users/ember/dev/comp-theo/parsed/pt1/032_OeUvlxW.md
[ok]   /Users/ember/dev/comp-theo/parsed/pt1/035_9ncwHrJ.md
[ok]   /Users/ember/dev/comp-theo/parsed/pt1/034_h7loJVI.md
[ok]   /Users/ember/dev/comp-theo/parsed/pt1/037_gKErDjz.md
[ok]   /Users/ember/dev/comp-theo/parsed/pt1/042_Quk5Wmx.md
[ok]   /Users/ember/dev/comp-theo/parsed/pt1/039_umiMvGm.md
[ok]   /Users/ember/dev/comp-theo/parsed/pt1/041_Pn14tBh.md
[ok]   /Users/ember/dev/comp-theo/parsed/pt1/040_Srl8DIQ.md
[ok]   /Users/ember/dev/comp-theo/parsed/pt1/045_SaNhi5i.md
[ok]   /Users/ember/dev/comp-theo/parsed/pt1/044_cyklwBg.md
[ok]   /Users/ember/dev/comp-theo/parsed/pt1/047_GK0dbGW.md
[ok]   /Users/ember/dev/comp-theo/parsed/pt1/046_3kBhNTP.md
[ok]   /Users/ember/dev/comp-theo/parsed/pt1/038_5NvJUqx.md
[ok]   /Users/ember/dev/comp-theo/parsed/pt1/049_LcYhraB.md
[ok]   /Users/ember/dev/comp-theo/parsed/pt1/048_cZ1sysk.md
[ok]   /Users/ember/dev/comp-theo/parsed/pt1/050_rXQG5qZ.md
[ok]   /Users/ember/dev/comp-theo/parsed/pt1/043_aE8zdKn.md
[ok]   /Users/ember/dev/comp-theo/parsed/pt2/002_01ivoZU.md
[ok]   /Users/ember/dev/comp-theo/parsed/pt2/001_5NHijrX.md
[ok]   /Users/ember/dev/comp-theo/parsed/pt2/004_1z5toVc.md
[ok]   /Users/ember/dev/comp-theo/parsed/pt2/005_vMD3erO.md
[ok]   /Users/ember/dev/comp-theo/parsed/pt2/006_feZ4MPr.md
[ok]   /Users/ember/dev/comp-theo/parsed/pt2/007_51frllx.md
[ok]   /Users/ember/dev/comp-theo/parsed/pt2/009_vcVG7sO.md
[ok]   /Users/ember/dev/comp-theo/parsed/pt2/003_gGvy18K.md
[ok]   /Users/ember/dev/comp-theo/parsed/pt2/010_Q4hcYAc.md
[ok]   /Users/ember/dev/comp-theo/parsed/pt2/008_Ry5Ex8w.md
[ok]   /Users/ember/dev/comp-theo/parsed/pt2/013_VwTcQee.md
[ok]   /Users/ember/dev/comp-theo/parsed/pt2/015_ExIDbtK.md
[ok]   /Users/ember/dev/comp-theo/parsed/pt2/012_4Ppulag.md
[ok]   /Users/ember/dev/comp-theo/parsed/pt2/011_Z91z8Uh.md
[ok]   /Users/ember/dev/comp-theo/parsed/pt2/014_ZoU3wRw.md
[ok]   /Users/ember/dev/comp-theo/parsed/pt2/018_YZKmjXO.md
[ok]   /Users/ember/dev/comp-theo/parsed/pt2/019_nln35Fp.md
[ok]   /Users/ember/dev/comp-theo/parsed/pt2/016_Wc3KB6o.md
[ok]   /Users/ember/dev/comp-theo/parsed/pt2/017_OQflbaC.md
[FAIL] /Users/ember/dev/comp-theo/images/pt2/024_h7kywZm.png (see logs/024_h7kywZm.md.err)
[ok]   /Users/ember/dev/comp-theo/parsed/pt2/020_eVWTKwO.md
[FAIL] /Users/ember/dev/comp-theo/images/pt2/025_XPUoekJ.png (see logs/025_XPUoekJ.md.err)
[FAIL] /Users/ember/dev/comp-theo/images/pt2/026_6sml7jU.png (see logs/026_6sml7jU.md.err)
[FAIL] /Users/ember/dev/comp-theo/images/pt2/027_RMuZ9NI.png (see logs/027_RMuZ9NI.md.err)
[FAIL] /Users/ember/dev/comp-theo/images/pt2/028_FfVXMww.png (see logs/028_FfVXMww.md.err)
[FAIL] /Users/ember/dev/comp-theo/images/pt2/029_ml23YAH.png (see logs/029_ml23YAH.md.err)
[ok]   /Users/ember/dev/comp-theo/parsed/pt2/022_X2114vY.md
[FAIL] /Users/ember/dev/comp-theo/images/pt2/031_aOTmuw4.png (see logs/031_aOTmuw4.md.err)
[FAIL] /Users/ember/dev/comp-theo/images/pt2/030_OGwYEy6.png (see logs/030_OGwYEy6.md.err)
[FAIL] /Users/ember/dev/comp-theo/images/pt2/034_9IKmmio.png (see logs/034_9IKmmio.md.err)
[FAIL] /Users/ember/dev/comp-theo/images/pt2/033_CEbBuyV.png (see logs/033_CEbBuyV.md.err)
[FAIL] /Users/ember/dev/comp-theo/images/pt2/032_5SK0GKP.png (see logs/032_5SK0GKP.md.err)
[FAIL] /Users/ember/dev/comp-theo/images/pt2/036_Yrqpg1m.png (see logs/036_Yrqpg1m.md.err)
[FAIL] /Users/ember/dev/comp-theo/images/pt2/035_4KQ3rCI.png (see logs/035_4KQ3rCI.md.err)
[FAIL] /Users/ember/dev/comp-theo/images/pt2/037_bbYYMYc.png (see logs/037_bbYYMYc.md.err)
[ok]   /Users/ember/dev/comp-theo/parsed/pt2/023_fhrO1mB.md
[FAIL] /Users/ember/dev/comp-theo/images/pt2/039_HrjDchz.png (see logs/039_HrjDchz.md.err)
[ok]   /Users/ember/dev/comp-theo/parsed/pt2/021_GvDbGu4.md
[FAIL] /Users/ember/dev/comp-theo/images/pt2/041_xgbF5rT.png (see logs/041_xgbF5rT.md.err)
[FAIL] /Users/ember/dev/comp-theo/images/pt2/040_zyrBoBz.png (see logs/040_zyrBoBz.md.err)
[FAIL] /Users/ember/dev/comp-theo/images/pt2/042_MtgCPbC.png (see logs/042_MtgCPbC.md.err)
[FAIL] /Users/ember/dev/comp-theo/images/pt2/038_YLNJtLu.png (see logs/038_YLNJtLu.md.err)
[FAIL] /Users/ember/dev/comp-theo/images/pt2/043_CEfLGDs.png (see logs/043_CEfLGDs.md.err)
[FAIL] /Users/ember/dev/comp-theo/images/pt2/044_mQU2h2g.png (see logs/044_mQU2h2g.md.err)
[FAIL] /Users/ember/dev/comp-theo/images/pt2/047_EGNi6LF.png (see logs/047_EGNi6LF.md.err)
[FAIL] /Users/ember/dev/comp-theo/images/pt2/046_EK7G6am.png (see logs/046_EK7G6am.md.err)
[FAIL] /Users/ember/dev/comp-theo/images/pt2/045_Eflo0qf.png (see logs/045_Eflo0qf.md.err)
[FAIL] /Users/ember/dev/comp-theo/images/pt2/049_AeWEHqa.png (see logs/049_AeWEHqa.md.err)
[FAIL] /Users/ember/dev/comp-theo/images/pt2/048_nDoiVXY.png (see logs/048_nDoiVXY.md.err)
[FAIL] /Users/ember/dev/comp-theo/images/pt2/050_5UuamV5.png (see logs/050_5UuamV5.md.err)
[FAIL] /Users/ember/dev/comp-theo/images/pt3/001_JiVv05C.png (see logs/001_JiVv05C.md.err)
[FAIL] /Users/ember/dev/comp-theo/images/pt3/002_Ew7yDgd.png (see logs/002_Ew7yDgd.md.err)
[FAIL] /Users/ember/dev/comp-theo/images/pt3/003_JNkSmwe.png (see logs/003_JNkSmwe.md.err)
[FAIL] /Users/ember/dev/comp-theo/images/pt3/006_AXUal0L.png (see logs/006_AXUal0L.md.err)
[FAIL] /Users/ember/dev/comp-theo/images/pt3/005_a5e2i3u.png (see logs/005_a5e2i3u.md.err)
[FAIL] /Users/ember/dev/comp-theo/images/pt3/004_PULAYD5.png (see logs/004_PULAYD5.md.err)
[FAIL] /Users/ember/dev/comp-theo/images/pt3/007_ccc8tJ0.png (see logs/007_ccc8tJ0.md.err)
[FAIL] /Users/ember/dev/comp-theo/images/pt3/008_RCeHaAi.png (see logs/008_RCeHaAi.md.err)
[FAIL] /Users/ember/dev/comp-theo/images/pt3/009_uf0CeSG.png (see logs/009_uf0CeSG.md.err)
[FAIL] /Users/ember/dev/comp-theo/images/pt3/011_csfJEw2.png (see logs/011_csfJEw2.md.err)
[FAIL] /Users/ember/dev/comp-theo/images/pt3/010_w2sDkgL.png (see logs/010_w2sDkgL.md.err)
[FAIL] /Users/ember/dev/comp-theo/images/pt3/012_oG2X8vS.png (see logs/012_oG2X8vS.md.err)
[FAIL] /Users/ember/dev/comp-theo/images/pt3/013_VW5ZhbR.png (see logs/013_VW5ZhbR.md.err)
[FAIL] /Users/ember/dev/comp-theo/images/pt3/015_5yQG7jy.png (see logs/015_5yQG7jy.md.err)
[FAIL] /Users/ember/dev/comp-theo/images/pt3/014_yvEA9YO.png (see logs/014_yvEA9YO.md.err)
[FAIL] /Users/ember/dev/comp-theo/images/pt3/016_xUCXF8B.png (see logs/016_xUCXF8B.md.err)
[FAIL] /Users/ember/dev/comp-theo/images/pt3/017_5go7DJZ.png (see logs/017_5go7DJZ.md.err)
[FAIL] /Users/ember/dev/comp-theo/images/pt3/018_vp4EsOP.png (see logs/018_vp4EsOP.md.err)
[FAIL] /Users/ember/dev/comp-theo/images/pt3/019_t09avB5.png (see logs/019_t09avB5.md.err)
[FAIL] /Users/ember/dev/comp-theo/images/pt3/020_QSWf2IW.png (see logs/020_QSWf2IW.md.err)
[FAIL] /Users/ember/dev/comp-theo/images/pt3/021_p17GonI.png (see logs/021_p17GonI.md.err)
[FAIL] /Users/ember/dev/comp-theo/images/pt3/022_JcZcitS.png (see logs/022_JcZcitS.md.err)
[FAIL] /Users/ember/dev/comp-theo/images/pt3/023_fOq3lt6.png (see logs/023_fOq3lt6.md.err)
[FAIL] /Users/ember/dev/comp-theo/images/pt3/024_0aACHrP.png (see logs/024_0aACHrP.md.err)
[FAIL] /Users/ember/dev/comp-theo/images/pt3/025_SETi8lf.png (see logs/025_SETi8lf.md.err)
[FAIL] /Users/ember/dev/comp-theo/images/pt3/027_m0P9SnG.png (see logs/027_m0P9SnG.md.err)
[FAIL] /Users/ember/dev/comp-theo/images/pt3/026_EwmStoT.png (see logs/026_EwmStoT.md.err)
[FAIL] /Users/ember/dev/comp-theo/images/pt3/029_lksYndV.png (see logs/029_lksYndV.md.err)
[FAIL] /Users/ember/dev/comp-theo/images/pt3/028_G9m80qV.png (see logs/028_G9m80qV.md.err)
[FAIL] /Users/ember/dev/comp-theo/images/pt3/030_wTukUvr.png (see logs/030_wTukUvr.md.err)
[FAIL] /Users/ember/dev/comp-theo/images/pt3/031_IdtaOsK.png (see logs/031_IdtaOsK.md.err)
[FAIL] /Users/ember/dev/comp-theo/images/pt3/032_sv7VxdP.png (see logs/032_sv7VxdP.md.err)
[FAIL] /Users/ember/dev/comp-theo/images/pt3/033_zFQuVjK.png (see logs/033_zFQuVjK.md.err)
[FAIL] /Users/ember/dev/comp-theo/images/pt3/035_3IGtOKi.png (see logs/035_3IGtOKi.md.err)
[FAIL] /Users/ember/dev/comp-theo/images/pt3/034_8A6lZxs.png (see logs/034_8A6lZxs.md.err)
[FAIL] /Users/ember/dev/comp-theo/images/pt3/037_9O5ViTu.png (see logs/037_9O5ViTu.md.err)
[FAIL] /Users/ember/dev/comp-theo/images/pt3/038_d5zcjNu.png (see logs/038_d5zcjNu.md.err)
[FAIL] /Users/ember/dev/comp-theo/images/pt3/039_aqnY6MB.png (see logs/039_aqnY6MB.md.err)
[FAIL] /Users/ember/dev/comp-theo/images/pt3/040_3KzMhXW.png (see logs/040_3KzMhXW.md.err)
[FAIL] /Users/ember/dev/comp-theo/images/pt3/036_BiglWUO.png (see logs/036_BiglWUO.md.err)
[FAIL] /Users/ember/dev/comp-theo/images/pt3/041_EEdrqfz.png (see logs/041_EEdrqfz.md.err)
[FAIL] /Users/ember/dev/comp-theo/images/pt3/043_YkXU6yW.png (see logs/043_YkXU6yW.md.err)
[FAIL] /Users/ember/dev/comp-theo/images/pt3/045_5VsJaHE.png (see logs/045_5VsJaHE.md.err)
[FAIL] /Users/ember/dev/comp-theo/images/pt3/042_kedl421.png (see logs/042_kedl421.md.err)
[FAIL] /Users/ember/dev/comp-theo/images/pt3/046_UQQwP4R.png (see logs/046_UQQwP4R.md.err)
[FAIL] /Users/ember/dev/comp-theo/images/pt3/044_wtFtjVc.png (see logs/044_wtFtjVc.md.err)
[FAIL] /Users/ember/dev/comp-theo/images/pt3/047_0SZ8nnR.png (see logs/047_0SZ8nnR.md.err)
[FAIL] /Users/ember/dev/comp-theo/images/pt3/049_YhpNv18.png (see logs/049_YhpNv18.md.err)
[FAIL] /Users/ember/dev/comp-theo/images/pt3/050_QpLqyca.png (see logs/050_QpLqyca.md.err)
[FAIL] /Users/ember/dev/comp-theo/images/pt4/001_gpMtQAj.png (see logs/001_gpMtQAj.md.err)
[FAIL] /Users/ember/dev/comp-theo/images/pt4/002_sXyCNyu.png (see logs/002_sXyCNyu.md.err)
[FAIL] /Users/ember/dev/comp-theo/images/pt3/048_PRHCEEF.png (see logs/048_PRHCEEF.md.err)
[FAIL] /Users/ember/dev/comp-theo/images/pt4/003_lkmBDwS.png (see logs/003_lkmBDwS.md.err)
[FAIL] /Users/ember/dev/comp-theo/images/pt4/004_3srsHcn.png (see logs/004_3srsHcn.md.err)
[FAIL] /Users/ember/dev/comp-theo/images/pt4/005_JRmlE75.png (see logs/005_JRmlE75.md.err)
[FAIL] /Users/ember/dev/comp-theo/images/pt4/006_P04iRfK.png (see logs/006_P04iRfK.md.err)
[FAIL] /Users/ember/dev/comp-theo/images/pt4/007_JjBjyBt.png (see logs/007_JjBjyBt.md.err)
[FAIL] /Users/ember/dev/comp-theo/images/pt4/008_kblzzNu.png (see logs/008_kblzzNu.md.err)
[FAIL] /Users/ember/dev/comp-theo/images/pt4/009_EPrYB9Y.png (see logs/009_EPrYB9Y.md.err)
[FAIL] /Users/ember/dev/comp-theo/images/pt4/010_Mh6I2NV.png (see logs/010_Mh6I2NV.md.err)
[FAIL] /Users/ember/dev/comp-theo/images/pt4/011_Ixr42Rk.png (see logs/011_Ixr42Rk.md.err)
[FAIL] /Users/ember/dev/comp-theo/images/pt4/012_GlOe4BF.png (see logs/012_GlOe4BF.md.err)
[FAIL] /Users/ember/dev/comp-theo/images/pt4/013_sv4ppVh.png (see logs/013_sv4ppVh.md.err)
[FAIL] /Users/ember/dev/comp-theo/images/pt4/015_IY9Ubb7.png (see logs/015_IY9Ubb7.md.err)
[FAIL] /Users/ember/dev/comp-theo/images/pt4/014_cJRDlYp.png (see logs/014_cJRDlYp.md.err)
[FAIL] /Users/ember/dev/comp-theo/images/pt4/017_FCyib6J.png (see logs/017_FCyib6J.md.err)
[FAIL] /Users/ember/dev/comp-theo/images/pt4/016_3uplkPw.png (see logs/016_3uplkPw.md.err)
[FAIL] /Users/ember/dev/comp-theo/images/pt4/018_8wZTnSV.png (see logs/018_8wZTnSV.md.err)
[FAIL] /Users/ember/dev/comp-theo/images/pt4/019_GflOv0v.png (see logs/019_GflOv0v.md.err)
[FAIL] /Users/ember/dev/comp-theo/images/pt4/020_f5Dt0Sb.png (see logs/020_f5Dt0Sb.md.err)
[FAIL] /Users/ember/dev/comp-theo/images/pt4/021_KLWJXxV.png (see logs/021_KLWJXxV.md.err)
[FAIL] /Users/ember/dev/comp-theo/images/pt4/022_x5ZS6wJ.png (see logs/022_x5ZS6wJ.md.err)
[FAIL] /Users/ember/dev/comp-theo/images/pt4/023_Whn2HYU.png (see logs/023_Whn2HYU.md.err)
[FAIL] /Users/ember/dev/comp-theo/images/pt4/025_AJ4JMkc.png (see logs/025_AJ4JMkc.md.err)
[FAIL] /Users/ember/dev/comp-theo/images/pt4/026_lkR9VtS.png (see logs/026_lkR9VtS.md.err)
[FAIL] /Users/ember/dev/comp-theo/images/pt4/024_WRCf48T.png (see logs/024_WRCf48T.md.err)
[FAIL] /Users/ember/dev/comp-theo/images/pt4/027_pYmmJqG.png (see logs/027_pYmmJqG.md.err)
[FAIL] /Users/ember/dev/comp-theo/images/pt4/029_chMEqcM.png (see logs/029_chMEqcM.md.err)
[FAIL] /Users/ember/dev/comp-theo/images/pt4/028_b09vlvZ.png (see logs/028_b09vlvZ.md.err)
[FAIL] /Users/ember/dev/comp-theo/images/pt4/030_D1lCQHe.png (see logs/030_D1lCQHe.md.err)
[FAIL] /Users/ember/dev/comp-theo/images/pt4/031_ulLsPjL.png (see logs/031_ulLsPjL.md.err)
[FAIL] /Users/ember/dev/comp-theo/images/pt4/032_Bru5CPY.png (see logs/032_Bru5CPY.md.err)
[FAIL] /Users/ember/dev/comp-theo/images/pt4/033_qJR1Hyz.png (see logs/033_qJR1Hyz.md.err)
[FAIL] /Users/ember/dev/comp-theo/images/pt4/034_VegJ0zM.png (see logs/034_VegJ0zM.md.err)
[FAIL] /Users/ember/dev/comp-theo/images/pt4/035_JMTdYgc.png (see logs/035_JMTdYgc.md.err)
[FAIL] /Users/ember/dev/comp-theo/images/pt4/036_jnYvkes.png (see logs/036_jnYvkes.md.err)
[FAIL] /Users/ember/dev/comp-theo/images/pt4/038_rpORSrK.png (see logs/038_rpORSrK.md.err)
[FAIL] /Users/ember/dev/comp-theo/images/pt4/039_D4L2wB4.png (see logs/039_D4L2wB4.md.err)
[FAIL] /Users/ember/dev/comp-theo/images/pt4/041_Y9pEtxj.png (see logs/041_Y9pEtxj.md.err)
[FAIL] /Users/ember/dev/comp-theo/images/pt4/040_s79BhhP.png (see logs/040_s79BhhP.md.err)
[FAIL] /Users/ember/dev/comp-theo/images/pt4/037_cHs1DZs.png (see logs/037_cHs1DZs.md.err)
[FAIL] /Users/ember/dev/comp-theo/images/pt4/042_59KRkc6.png (see logs/042_59KRkc6.md.err)
[FAIL] /Users/ember/dev/comp-theo/images/pt4/043_ilUXV1A.png (see logs/043_ilUXV1A.md.err)
[FAIL] /Users/ember/dev/comp-theo/images/pt4/045_91tOKt2.png (see logs/045_91tOKt2.md.err)
[FAIL] /Users/ember/dev/comp-theo/images/pt4/047_voiMDOO.png (see logs/047_voiMDOO.md.err)
[FAIL] /Users/ember/dev/comp-theo/images/pt4/046_k498CbD.png (see logs/046_k498CbD.md.err)
[FAIL] /Users/ember/dev/comp-theo/images/pt4/044_8rZxMMk.png (see logs/044_8rZxMMk.md.err)
[FAIL] /Users/ember/dev/comp-theo/images/pt4/048_euksjXL.png (see logs/048_euksjXL.md.err)
[FAIL] /Users/ember/dev/comp-theo/images/pt4/049_HzgmE6T.png (see logs/049_HzgmE6T.md.err)
[FAIL] /Users/ember/dev/comp-theo/images/pt5/001_b5o1mrW.png (see logs/001_b5o1mrW.md.err)
[FAIL] /Users/ember/dev/comp-theo/images/pt5/002_ORT2izz.png (see logs/002_ORT2izz.md.err)
[FAIL] /Users/ember/dev/comp-theo/images/pt5/003_I0CwhZi.png (see logs/003_I0CwhZi.md.err)
[FAIL] /Users/ember/dev/comp-theo/images/pt4/050_LWF0d1d.png (see logs/050_LWF0d1d.md.err)
[FAIL] /Users/ember/dev/comp-theo/images/pt5/004_7yiNzU4.png (see logs/004_7yiNzU4.md.err)
[FAIL] /Users/ember/dev/comp-theo/images/pt5/005_Ap8j7Km.png (see logs/005_Ap8j7Km.md.err)
[FAIL] /Users/ember/dev/comp-theo/images/pt5/007_ofv33Sz.png (see logs/007_ofv33Sz.md.err)
[FAIL] /Users/ember/dev/comp-theo/images/pt5/006_DzcYDNq.png (see logs/006_DzcYDNq.md.err)
[FAIL] /Users/ember/dev/comp-theo/images/pt5/010_2eiSww9.png (see logs/010_2eiSww9.md.err)
[FAIL] /Users/ember/dev/comp-theo/images/pt5/008_31fRKld.png (see logs/008_31fRKld.md.err)
[FAIL] /Users/ember/dev/comp-theo/images/pt5/009_FNL4XSf.png (see logs/009_FNL4XSf.md.err)
Done. parsed/*.md total: 73 / 210
